[20-Sep-2018 13:16:41 UTC] PHP Parse error:  syntax error, unexpected '?' in /home/escortservcices/public_html/stage/vendor/laravel/framework/src/Illuminate/Foundation/helpers.php on line 242
[30-Sep-2018 00:40:06 UTC] PHP Parse error:  syntax error, unexpected '?' in /home/escortservcices/public_html/stage/vendor/laravel/framework/src/Illuminate/Foundation/helpers.php on line 242
[17-Mar-2021 11:34:01 Asia/Manila] PHP Fatal error:  Uncaught ReflectionException: Class view does not exist in /home/escortservcices/public_html/stage/vendor/laravel/framework/src/Illuminate/Container/Container.php:767
Stack trace:
#0 /home/escortservcices/public_html/stage/vendor/laravel/framework/src/Illuminate/Container/Container.php(767): ReflectionClass->__construct('view')
#1 /home/escortservcices/public_html/stage/vendor/laravel/framework/src/Illuminate/Container/Container.php(646): Illuminate\Container\Container->build('view')
#2 /home/escortservcices/public_html/stage/vendor/laravel/framework/src/Illuminate/Container/Container.php(601): Illuminate\Container\Container->resolve('view', Array)
#3 /home/escortservcices/public_html/stage/vendor/laravel/framework/src/Illuminate/Foundation/Application.php(734): Illuminate\Container\Container->make('view', Array)
#4 /home/escortservcices/public_html/stage/vendor/laravel/framework/src/Illuminate/Container/Container.php(1210): Illuminate\Foundation\Application->make('view')
#5 /home/escortservcices/public_html/ in /home/escortservcices/public_html/stage/vendor/laravel/framework/src/Illuminate/Container/Container.php on line 767
[17-Mar-2021 11:34:01 Asia/Manila] PHP Fatal error:  Uncaught ReflectionException: Class view does not exist in /home/escortservcices/public_html/stage/vendor/laravel/framework/src/Illuminate/Container/Container.php:767
Stack trace:
#0 /home/escortservcices/public_html/stage/vendor/laravel/framework/src/Illuminate/Container/Container.php(767): ReflectionClass->__construct('view')
#1 /home/escortservcices/public_html/stage/vendor/laravel/framework/src/Illuminate/Container/Container.php(646): Illuminate\Container\Container->build('view')
#2 /home/escortservcices/public_html/stage/vendor/laravel/framework/src/Illuminate/Container/Container.php(601): Illuminate\Container\Container->resolve('view', Array)
#3 /home/escortservcices/public_html/stage/vendor/laravel/framework/src/Illuminate/Foundation/Application.php(734): Illuminate\Container\Container->make('view', Array)
#4 /home/escortservcices/public_html/stage/vendor/laravel/framework/src/Illuminate/Container/Container.php(1210): Illuminate\Foundation\Application->make('view')
#5 /home/escortservcices/public_html/ in /home/escortservcices/public_html/stage/vendor/laravel/framework/src/Illuminate/Container/Container.php on line 767
[17-Mar-2021 03:48:01 UTC] PHP Warning:  require(/home/escortservcices/public_html/stage/vendor/autoload.php): failed to open stream: No such file or directory in /home/escortservcices/public_html/stage/artisan on line 17
[17-Mar-2021 03:48:01 UTC] PHP Fatal error:  require(): Failed opening required '/home/escortservcices/public_html/stage/vendor/autoload.php' (include_path='.:/opt/cpanel/ea-php73/root/usr/share/pear') in /home/escortservcices/public_html/stage/artisan on line 17
